[1020/210114.622:INFO:CONSOLE(0)] "Error with Permissions-Policy header: Feature xr-spatial-tracking's parameters are ignored.", source:  (0)
[1020/210114.622:INFO:CONSOLE(0)] "Error with Permissions-Policy header: Origin trial controlled feature not enabled: 'attribution-reporting'.", source:  (0)
[1020/210114.622:INFO:CONSOLE(0)] "Error with Permissions-Policy header: Unrecognized feature: 'compute-pressure'.", source:  (0)
[1020/210114.622:INFO:CONSOLE(0)] "Error with Permissions-Policy header: Origin trial controlled feature not enabled: 'interest-cohort'.", source:  (0)
[1020/210114.622:INFO:CONSOLE(0)] "Error with Permissions-Policy header: Unrecognized feature: 'private-state-token-issuance'.", source:  (0)
[1020/210114.622:INFO:CONSOLE(0)] "Error with Permissions-Policy header: Origin trial controlled feature not enabled: 'shared-storage'.", source:  (0)
[1020/210114.622:INFO:CONSOLE(0)] "Error with Permissions-Policy header: Unrecognized feature: 'shared-storage-select-url'.", source:  (0)
[1020/210114.622:INFO:CONSOLE(0)] "Error with Permissions-Policy header: Unrecognized feature: 'private-state-token-redemption'.", source:  (0)
[1020/210114.622:INFO:CONSOLE(0)] "Error with Permissions-Policy header: Unrecognized feature: 'unload'.", source:  (0)
[1020/210114.623:INFO:CONSOLE(0)] "Error with Permissions-Policy header: Unrecognized feature: 'window-management'.", source:  (0)
[1020/210114.623:INFO:CONSOLE(0)] "Document-Policy HTTP header: Unrecognized document policy feature name include-js-call-stacks-in-crash-reports.", source: https://web.whatsapp.com/ (0)
[1020/210116.320:INFO:CONSOLE(113)] "Event handler of 'x-storagemutated-1' event must be added on the initial evaluation of worker script.", source: https://static.whatsapp.net/rsrc.php/v4/y_/r/bZZRoHdtr8z.js (113)
[1020/210222.023:INFO:CONSOLE(113)] "Event handler of 'x-storagemutated-1' event must be added on the initial evaluation of worker script.", source: https://static.whatsapp.net/rsrc.php/v4/y_/r/bZZRoHdtr8z.js (113)
[1020/210357.832:INFO:CONSOLE(77)] "ErrorUtils caught an error:

window is not defined

Subsequent non-fatal errors won't be logged; see https://fburl.com/debugjs. [object Object]", source: https://static.whatsapp.net/rsrc.php/v4/yc/r/0uwY6N15B7i.js (77)
[1020/210359.173:INFO:CONSOLE(113)] "Event handler of 'x-storagemutated-1' event must be added on the initial evaluation of worker script.", source: https://static.whatsapp.net/rsrc.php/v4/y_/r/bZZRoHdtr8z.js (113)
[1020/210448.830:INFO:CONSOLE(113)] "Event handler of 'x-storagemutated-1' event must be added on the initial evaluation of worker script.", source: https://static.whatsapp.net/rsrc.php/v4/y_/r/bZZRoHdtr8z.js (113)
[1020/210615.437:INFO:CONSOLE(113)] "Event handler of 'x-storagemutated-1' event must be added on the initial evaluation of worker script.", source: https://static.whatsapp.net/rsrc.php/v4/y_/r/bZZRoHdtr8z.js (113)
[1020/210819.972:INFO:CONSOLE(113)] "Event handler of 'x-storagemutated-1' event must be added on the initial evaluation of worker script.", source: https://static.whatsapp.net/rsrc.php/v4/y_/r/bZZRoHdtr8z.js (113)
[1020/211151.172:INFO:CONSOLE(113)] "Event handler of 'x-storagemutated-1' event must be added on the initial evaluation of worker script.", source: https://static.whatsapp.net/rsrc.php/v4/y_/r/bZZRoHdtr8z.js (113)
