[1020/113952.006:INFO:CONSOLE(113)] "Event handler of 'x-storagemutated-1' event must be added on the initial evaluation of worker script.", source: https://static.whatsapp.net/rsrc.php/v4/yU/r/y1BPg32xWsG.js (113)
[1020/113952.110:INFO:CONSOLE(0)] "Error with Permissions-Policy header: Feature xr-spatial-tracking's parameters are ignored.", source:  (0)
[1020/113952.111:INFO:CONSOLE(0)] "Error with Permissions-Policy header: Origin trial controlled feature not enabled: 'attribution-reporting'.", source:  (0)
[1020/113952.111:INFO:CONSOLE(0)] "Error with Permissions-Policy header: Unrecognized feature: 'compute-pressure'.", source:  (0)
[1020/113952.111:INFO:CONSOLE(0)] "Error with Permissions-Policy header: Origin trial controlled feature not enabled: 'interest-cohort'.", source:  (0)
[1020/113952.111:INFO:CONSOLE(0)] "Error with Permissions-Policy header: Unrecognized feature: 'private-state-token-issuance'.", source:  (0)
[1020/113952.111:INFO:CONSOLE(0)] "Error with Permissions-Policy header: Origin trial controlled feature not enabled: 'shared-storage'.", source:  (0)
[1020/113952.111:INFO:CONSOLE(0)] "Error with Permissions-Policy header: Unrecognized feature: 'shared-storage-select-url'.", source:  (0)
[1020/113952.111:INFO:CONSOLE(0)] "Error with Permissions-Policy header: Unrecognized feature: 'private-state-token-redemption'.", source:  (0)
[1020/113952.111:INFO:CONSOLE(0)] "Error with Permissions-Policy header: Unrecognized feature: 'unload'.", source:  (0)
[1020/113952.111:INFO:CONSOLE(0)] "Error with Permissions-Policy header: Unrecognized feature: 'window-management'.", source:  (0)
[1020/113952.111:INFO:CONSOLE(0)] "Document-Policy HTTP header: Unrecognized document policy feature name include-js-call-stacks-in-crash-reports.", source: https://web.whatsapp.com/ (0)
[1020/114059.293:INFO:CONSOLE(113)] "Event handler of 'x-storagemutated-1' event must be added on the initial evaluation of worker script.", source: https://static.whatsapp.net/rsrc.php/v4/yU/r/y1BPg32xWsG.js (113)
[1020/114213.038:INFO:CONSOLE(113)] "Event handler of 'x-storagemutated-1' event must be added on the initial evaluation of worker script.", source: https://static.whatsapp.net/rsrc.php/v4/yU/r/y1BPg32xWsG.js (113)
[1020/114216.833:INFO:CONSOLE(22749)] "[Report Only] Refused to compile or instantiate WebAssembly module because 'unsafe-eval' is not an allowed source of script in the following Content Security Policy directive: "script-src blob: 'self' 'nonce-TgRH5Gof' 'report-sample' https://static.whatsapp.net https://*.youtube.com https://maps.googleapis.com https://maps.gstatic.com https://lens.google.com/upload https://whatsapp-api.arkoselabs.com/".
", source: https://static.whatsapp.net/rsrc.php/v4/yN/r/V9edflEytMA.js (22749)
[1020/114218.331:INFO:CONSOLE(77)] "ErrorUtils caught an error:

Converting to a string will drop content data. Hash="undefined" Translation="{user_name} left" Content="Context not logged." (type=object,Object)

Subsequent non-fatal errors won't be logged; see https://fburl.com/debugjs. [object Object]", source: https://static.whatsapp.net/rsrc.php/v4/yc/r/0uwY6N15B7i.js (77)
[1020/114715.579:INFO:CONSOLE(879)] "Failed to parse video contentType: video/mp4; codecs=avc1.42000a", source: https://static.whatsapp.net/rsrc.php/v4iSuT4/yD/l/en_GB-j/-HT93XMS8fZ.js (879)
[1020/114715.579:INFO:CONSOLE(879)] "Failed to parse video contentType: video/mp4; codecs=hev1.1.6.L93.B0", source: https://static.whatsapp.net/rsrc.php/v4iSuT4/yD/l/en_GB-j/-HT93XMS8fZ.js (879)
[1020/114717.119:INFO:CONSOLE(113)] "Event handler of 'x-storagemutated-1' event must be added on the initial evaluation of worker script.", source: https://static.whatsapp.net/rsrc.php/v4/yU/r/y1BPg32xWsG.js (113)
